.next/dev/types/validator.ts(41,52): error TS2344: Type '"/about"' does not satisfy the constraint 'never'.
.next/dev/types/validator.ts(50,52): error TS2344: Type '"/account"' does not satisfy the constraint 'never'.
.next/dev/types/validator.ts(59,52): error TS2344: Type '"/bestsellers"' does not satisfy the constraint 'never'.
.next/dev/types/validator.ts(68,52): error TS2344: Type '"/blog/[slug]"' does not satisfy the constraint 'never'.
.next/dev/types/validator.ts(77,52): error TS2344: Type '"/blog"' does not satisfy the constraint 'never'.
.next/dev/types/validator.ts(86,52): error TS2344: Type '"/careers"' does not satisfy the constraint 'never'.
.next/dev/types/validator.ts(95,52): error TS2344: Type '"/cart"' does not satisfy the constraint 'never'.
.next/dev/types/validator.ts(104,52): error TS2344: Type '"/category/[slug]"' does not satisfy the constraint 'never'.
.next/dev/types/validator.ts(113,52): error TS2344: Type '"/checkout"' does not satisfy the constraint 'never'.
.next/dev/types/validator.ts(122,52): error TS2344: Type '"/community/member/[id]"' does not satisfy the constraint 'never'.
.next/dev/types/validator.ts(131,52): error TS2344: Type '"/community"' does not satisfy the constraint 'never'.
.next/dev/types/validator.ts(140,52): error TS2344: Type '"/compare"' does not satisfy the constraint 'never'.
.next/dev/types/validator.ts(149,52): error TS2344: Type '"/concern/[slug]"' does not satisfy the constraint 'never'.
.next/dev/types/validator.ts(158,52): error TS2344: Type '"/contact"' does not satisfy the constraint 'never'.
.next/dev/types/validator.ts(167,52): error TS2344: Type '"/dashboard/addresses"' does not satisfy the constraint 'never'.
.next/dev/types/validator.ts(176,52): error TS2344: Type '"/dashboard/chat"' does not satisfy the constraint 'never'.
.next/dev/types/validator.ts(185,52): error TS2344: Type '"/dashboard/circle/activity"' does not satisfy the constraint 'never'.
.next/dev/types/validator.ts(194,52): error TS2344: Type '"/dashboard/circle/badges"' does not satisfy the constraint 'never'.
.next/dev/types/validator.ts(203,52): error TS2344: Type '"/dashboard/circle/challenges"' does not satisfy the constraint 'never'.
.next/dev/types/validator.ts(212,52): error TS2344: Type '"/dashboard/circle/leaderboard"' does not satisfy the constraint 'never'.
.next/dev/types/validator.ts(221,52): error TS2344: Type '"/dashboard/circle/notifications"' does not satisfy the constraint 'never'.
.next/dev/types/validator.ts(230,52): error TS2344: Type '"/dashboard/circle"' does not satisfy the constraint 'never'.
.next/dev/types/validator.ts(239,52): error TS2344: Type '"/dashboard/circle/referrals"' does not satisfy the constraint 'never'.
.next/dev/types/validator.ts(248,52): error TS2344: Type '"/dashboard/circle/rewards"' does not satisfy the constraint 'never'.
.next/dev/types/validator.ts(257,52): error TS2344: Type '"/dashboard/circle/support"' does not satisfy the constraint 'never'.
.next/dev/types/validator.ts(266,52): error TS2344: Type '"/dashboard/cureza-circle"' does not satisfy the constraint 'never'.
.next/dev/types/validator.ts(275,52): error TS2344: Type '"/dashboard/notifications"' does not satisfy the constraint 'never'.
.next/dev/types/validator.ts(284,52): error TS2344: Type '"/dashboard/orders/[id]"' does not satisfy the constraint 'never'.
.next/dev/types/validator.ts(293,52): error TS2344: Type '"/dashboard/orders"' does not satisfy the constraint 'never'.
.next/dev/types/validator.ts(302,52): error TS2344: Type '"/dashboard"' does not satisfy the constraint 'never'.
.next/dev/types/validator.ts(311,52): error TS2344: Type '"/dashboard/prescriptions"' does not satisfy the constraint 'never'.
.next/dev/types/validator.ts(320,52): error TS2344: Type '"/dashboard/profile"' does not satisfy the constraint 'never'.
.next/dev/types/validator.ts(329,52): error TS2344: Type '"/dashboard/refer-earn"' does not satisfy the constraint 'never'.
.next/dev/types/validator.ts(338,52): error TS2344: Type '"/dashboard/reviews"' does not satisfy the constraint 'never'.
.next/dev/types/validator.ts(347,52): error TS2344: Type '"/dashboard/settings"' does not satisfy the constraint 'never'.
.next/dev/types/validator.ts(356,52): error TS2344: Type '"/dashboard/track-order"' does not satisfy the constraint 'never'.
.next/dev/types/validator.ts(365,52): error TS2344: Type '"/dashboard/wallet"' does not satisfy the constraint 'never'.
.next/dev/types/validator.ts(374,52): error TS2344: Type '"/doctor/approval"' does not satisfy the constraint 'never'.
.next/dev/types/validator.ts(383,52): error TS2344: Type '"/doctor/dashboard/consultations/[id]"' does not satisfy the constraint 'never'.
.next/dev/types/validator.ts(392,52): error TS2344: Type '"/doctor/dashboard/consultations"' does not satisfy the constraint 'never'.
.next/dev/types/validator.ts(401,52): error TS2344: Type '"/doctor/dashboard/earnings"' does not satisfy the constraint 'never'.
.next/dev/types/validator.ts(410,52): error TS2344: Type '"/doctor/dashboard/patients"' does not satisfy the constraint 'never'.
.next/dev/types/validator.ts(419,52): error TS2344: Type '"/doctor/dashboard/prescriptions/create"' does not satisfy the constraint 'never'.
.next/dev/types/validator.ts(428,52): error TS2344: Type '"/doctor/dashboard/prescriptions"' does not satisfy the constraint 'never'.
.next/dev/types/validator.ts(437,52): error TS2344: Type '"/doctor/dashboard/profile"' does not satisfy the constraint 'never'.
.next/dev/types/validator.ts(446,52): error TS2344: Type '"/doctor/dashboard/reviews"' does not satisfy the constraint 'never'.
.next/dev/types/validator.ts(455,52): error TS2344: Type '"/doctor/dashboard/settings"' does not satisfy the constraint 'never'.
.next/dev/types/validator.ts(464,52): error TS2344: Type '"/doctor/dashboard/support"' does not satisfy the constraint 'never'.
.next/dev/types/validator.ts(473,52): error TS2344: Type '"/doctor/login"' does not satisfy the constraint 'never'.
.next/dev/types/validator.ts(482,52): error TS2344: Type '"/doctor/onboarding"' does not satisfy the constraint 'never'.
.next/dev/types/validator.ts(491,52): error TS2344: Type '"/doctor"' does not satisfy the constraint 'never'.
.next/dev/types/validator.ts(500,52): error TS2344: Type '"/doctor/register"' does not satisfy the constraint 'never'.
.next/dev/types/validator.ts(509,52): error TS2344: Type '"/faq/[topicId]/[slug]"' does not satisfy the constraint 'never'.
.next/dev/types/validator.ts(518,52): error TS2344: Type '"/faq/[topicId]"' does not satisfy the constraint 'never'.
.next/dev/types/validator.ts(527,52): error TS2344: Type '"/faq"' does not satisfy the constraint 'never'.
.next/dev/types/validator.ts(536,52): error TS2344: Type '"/forgot-password"' does not satisfy the constraint 'never'.
.next/dev/types/validator.ts(545,52): error TS2344: Type '"/legal/cancellation-returns"' does not satisfy the constraint 'never'.
.next/dev/types/validator.ts(554,52): error TS2344: Type '"/legal/privacy-policy"' does not satisfy the constraint 'never'.
.next/dev/types/validator.ts(563,52): error TS2344: Type '"/legal/terms-of-service"' does not satisfy the constraint 'never'.
.next/dev/types/validator.ts(572,52): error TS2344: Type '"/login"' does not satisfy the constraint 'never'.
.next/dev/types/validator.ts(581,52): error TS2344: Type '"/logout"' does not satisfy the constraint 'never'.
.next/dev/types/validator.ts(590,52): error TS2344: Type '"/new-launches"' does not satisfy the constraint 'never'.
.next/dev/types/validator.ts(599,52): error TS2344: Type '"/offers"' does not satisfy the constraint 'never'.
.next/dev/types/validator.ts(608,52): error TS2344: Type '"/otp-verification"' does not satisfy the constraint 'never'.
.next/dev/types/validator.ts(617,52): error TS2344: Type '"/"' does not satisfy the constraint 'never'.
.next/dev/types/validator.ts(626,52): error TS2344: Type '"/press"' does not satisfy the constraint 'never'.
.next/dev/types/validator.ts(635,52): error TS2344: Type '"/product/[id]"' does not satisfy the constraint 'never'.
.next/dev/types/validator.ts(644,52): error TS2344: Type '"/register"' does not satisfy the constraint 'never'.
.next/dev/types/validator.ts(653,52): error TS2344: Type '"/returns"' does not satisfy the constraint 'never'.
.next/dev/types/validator.ts(662,52): error TS2344: Type '"/search"' does not satisfy the constraint 'never'.
.next/dev/types/validator.ts(671,52): error TS2344: Type '"/seller/approval"' does not satisfy the constraint 'never'.
.next/dev/types/validator.ts(680,52): error TS2344: Type '"/seller/dashboard/analytics"' does not satisfy the constraint 'never'.
.next/dev/types/validator.ts(689,52): error TS2344: Type '"/seller/dashboard/coupons"' does not satisfy the constraint 'never'.
.next/dev/types/validator.ts(698,52): error TS2344: Type '"/seller/dashboard/finance"' does not satisfy the constraint 'never'.
.next/dev/types/validator.ts(707,52): error TS2344: Type '"/seller/dashboard/orders/[id]"' does not satisfy the constraint 'never'.
.next/dev/types/validator.ts(716,52): error TS2344: Type '"/seller/dashboard/orders"' does not satisfy the constraint 'never'.
.next/dev/types/validator.ts(725,52): error TS2344: Type '"/seller/dashboard"' does not satisfy the constraint 'never'.
.next/dev/types/validator.ts(734,52): error TS2344: Type '"/seller/dashboard/products/add"' does not satisfy the constraint 'never'.
.next/dev/types/validator.ts(743,52): error TS2344: Type '"/seller/dashboard/products/create"' does not satisfy the constraint 'never'.
.next/dev/types/validator.ts(752,52): error TS2344: Type '"/seller/dashboard/products"' does not satisfy the constraint 'never'.
.next/dev/types/validator.ts(761,52): error TS2344: Type '"/seller/dashboard/profile"' does not satisfy the constraint 'never'.
.next/dev/types/validator.ts(770,52): error TS2344: Type '"/seller/dashboard/reviews"' does not satisfy the constraint 'never'.
.next/dev/types/validator.ts(779,52): error TS2344: Type '"/seller/dashboard/support"' does not satisfy the constraint 'never'.
.next/dev/types/validator.ts(788,52): error TS2344: Type '"/seller/login"' does not satisfy the constraint 'never'.
.next/dev/types/validator.ts(797,52): error TS2344: Type '"/seller/onboarding"' does not satisfy the constraint 'never'.
.next/dev/types/validator.ts(806,52): error TS2344: Type '"/seller"' does not satisfy the constraint 'never'.
.next/dev/types/validator.ts(815,52): error TS2344: Type '"/seller/register"' does not satisfy the constraint 'never'.
.next/dev/types/validator.ts(824,52): error TS2344: Type '"/seller/sellerpolicy"' does not satisfy the constraint 'never'.
.next/dev/types/validator.ts(833,52): error TS2344: Type '"/shop/[category]/[slug]"' does not satisfy the constraint 'never'.
.next/dev/types/validator.ts(842,52): error TS2344: Type '"/shop/[category]"' does not satisfy the constraint 'never'.
.next/dev/types/validator.ts(851,52): error TS2344: Type '"/shop"' does not satisfy the constraint 'never'.
.next/dev/types/validator.ts(860,52): error TS2344: Type '"/superadmin/dashboard/attributes/[id]"' does not satisfy the constraint 'never'.
.next/dev/types/validator.ts(869,52): error TS2344: Type '"/superadmin/dashboard/attributes"' does not satisfy the constraint 'never'.
.next/dev/types/validator.ts(878,52): error TS2344: Type '"/superadmin/dashboard/brands"' does not satisfy the constraint 'never'.
.next/dev/types/validator.ts(887,52): error TS2344: Type '"/superadmin/dashboard/categories"' does not satisfy the constraint 'never'.
.next/dev/types/validator.ts(896,52): error TS2344: Type '"/superadmin/dashboard/cms/banners"' does not satisfy the constraint 'never'.
.next/dev/types/validator.ts(905,52): error TS2344: Type '"/superadmin/dashboard/cms/blogs/[id]"' does not satisfy the constraint 'never'.
.next/dev/types/validator.ts(914,52): error TS2344: Type '"/superadmin/dashboard/cms/blogs/authors"' does not satisfy the constraint 'never'.
.next/dev/types/validator.ts(923,52): error TS2344: Type '"/superadmin/dashboard/cms/blogs/categories"' does not satisfy the constraint 'never'.
.next/dev/types/validator.ts(932,52): error TS2344: Type '"/superadmin/dashboard/cms/blogs/create"' does not satisfy the constraint 'never'.
.next/dev/types/validator.ts(941,52): error TS2344: Type '"/superadmin/dashboard/cms/blogs"' does not satisfy the constraint 'never'.
.next/dev/types/validator.ts(950,52): error TS2344: Type '"/superadmin/dashboard/cms/blogs/tags"' does not satisfy the constraint 'never'.
.next/dev/types/validator.ts(959,52): error TS2344: Type '"/superadmin/dashboard/cms/homepage"' does not satisfy the constraint 'never'.
.next/dev/types/validator.ts(968,52): error TS2344: Type '"/superadmin/dashboard/cms"' does not satisfy the constraint 'never'.
.next/dev/types/validator.ts(977,52): error TS2344: Type '"/superadmin/dashboard/community/affiliates"' does not satisfy the constraint 'never'.
.next/dev/types/validator.ts(986,52): error TS2344: Type '"/superadmin/dashboard/community/members"' does not satisfy the constraint 'never'.
.next/dev/types/validator.ts(995,52): error TS2344: Type '"/superadmin/dashboard/community"' does not satisfy the constraint 'never'.
.next/dev/types/validator.ts(1004,52): error TS2344: Type '"/superadmin/dashboard/community/reviews"' does not satisfy the constraint 'never'.
.next/dev/types/validator.ts(1013,52): error TS2344: Type '"/superadmin/dashboard/community/ugc"' does not satisfy the constraint 'never'.
.next/dev/types/validator.ts(1022,52): error TS2344: Type '"/superadmin/dashboard/community/xp-tiers"' does not satisfy the constraint 'never'.
.next/dev/types/validator.ts(1031,52): error TS2344: Type '"/superadmin/dashboard/events"' does not satisfy the constraint 'never'.
.next/dev/types/validator.ts(1040,52): error TS2344: Type '"/superadmin/dashboard/finance/commission"' does not satisfy the constraint 'never'.
.next/dev/types/validator.ts(1049,52): error TS2344: Type '"/superadmin/dashboard/finance"' does not satisfy the constraint 'never'.
.next/dev/types/validator.ts(1058,52): error TS2344: Type '"/superadmin/dashboard/finance/payouts"' does not satisfy the constraint 'never'.
.next/dev/types/validator.ts(1067,52): error TS2344: Type '"/superadmin/dashboard/marketing/automation"' does not satisfy the constraint 'never'.
.next/dev/types/validator.ts(1076,52): error TS2344: Type '"/superadmin/dashboard/marketing/email"' does not satisfy the constraint 'never'.
.next/dev/types/validator.ts(1085,52): error TS2344: Type '"/superadmin/dashboard/marketing/offers"' does not satisfy the constraint 'never'.
.next/dev/types/validator.ts(1094,52): error TS2344: Type '"/superadmin/dashboard/marketing/pixel"' does not satisfy the constraint 'never'.
.next/dev/types/validator.ts(1103,52): error TS2344: Type '"/superadmin/dashboard/menu"' does not satisfy the constraint 'never'.
.next/dev/types/validator.ts(1112,52): error TS2344: Type '"/superadmin/dashboard/orders/[id]"' does not satisfy the constraint 'never'.
.next/dev/types/validator.ts(1121,52): error TS2344: Type '"/superadmin/dashboard/orders"' does not satisfy the constraint 'never'.
.next/dev/types/validator.ts(1130,52): error TS2344: Type '"/superadmin/dashboard"' does not satisfy the constraint 'never'.
.next/dev/types/validator.ts(1139,52): error TS2344: Type '"/superadmin/dashboard/products/[id]/edit"' does not satisfy the constraint 'never'.
.next/dev/types/validator.ts(1148,52): error TS2344: Type '"/superadmin/dashboard/products/[id]"' does not satisfy the constraint 'never'.
.next/dev/types/validator.ts(1157,52): error TS2344: Type '"/superadmin/dashboard/products/bulk"' does not satisfy the constraint 'never'.
.next/dev/types/validator.ts(1166,52): error TS2344: Type '"/superadmin/dashboard/products/create"' does not satisfy the constraint 'never'.
.next/dev/types/validator.ts(1175,52): error TS2344: Type '"/superadmin/dashboard/products"' does not satisfy the constraint 'never'.
.next/dev/types/validator.ts(1184,52): error TS2344: Type '"/superadmin/dashboard/products/tags"' does not satisfy the constraint 'never'.
.next/dev/types/validator.ts(1193,52): error TS2344: Type '"/superadmin/dashboard/refunds"' does not satisfy the constraint 'never'.
.next/dev/types/validator.ts(1202,52): error TS2344: Type '"/superadmin/dashboard/reports/affiliates"' does not satisfy the constraint 'never'.
.next/dev/types/validator.ts(1211,52): error TS2344: Type '"/superadmin/dashboard/reports/doctors"' does not satisfy the constraint 'never'.
.next/dev/types/validator.ts(1220,52): error TS2344: Type '"/superadmin/dashboard/reports/inventory"' does not satisfy the constraint 'never'.
.next/dev/types/validator.ts(1229,52): error TS2344: Type '"/superadmin/dashboard/reports"' does not satisfy the constraint 'never'.
.next/dev/types/validator.ts(1238,52): error TS2344: Type '"/superadmin/dashboard/reports/products"' does not satisfy the constraint 'never'.
.next/dev/types/validator.ts(1247,52): error TS2344: Type '"/superadmin/dashboard/reports/sales"' does not satisfy the constraint 'never'.
.next/dev/types/validator.ts(1256,52): error TS2344: Type '"/superadmin/dashboard/reports/sellers"' does not satisfy the constraint 'never'.
.next/dev/types/validator.ts(1265,52): error TS2344: Type '"/superadmin/dashboard/reports/ugc"' does not satisfy the constraint 'never'.
.next/dev/types/validator.ts(1274,52): error TS2344: Type '"/superadmin/dashboard/settings/general"' does not satisfy the constraint 'never'.
.next/dev/types/validator.ts(1283,52): error TS2344: Type '"/superadmin/dashboard/settings/legal"' does not satisfy the constraint 'never'.
.next/dev/types/validator.ts(1292,52): error TS2344: Type '"/superadmin/dashboard/settings/logs"' does not satisfy the constraint 'never'.
.next/dev/types/validator.ts(1301,52): error TS2344: Type '"/superadmin/dashboard/settings/notifications"' does not satisfy the constraint 'never'.
.next/dev/types/validator.ts(1310,52): error TS2344: Type '"/superadmin/dashboard/settings"' does not satisfy the constraint 'never'.
.next/dev/types/validator.ts(1319,52): error TS2344: Type '"/superadmin/dashboard/settings/payments"' does not satisfy the constraint 'never'.
.next/dev/types/validator.ts(1328,52): error TS2344: Type '"/superadmin/dashboard/settings/rbac"' does not satisfy the constraint 'never'.
.next/dev/types/validator.ts(1337,52): error TS2344: Type '"/superadmin/dashboard/settings/system"' does not satisfy the constraint 'never'.
.next/dev/types/validator.ts(1346,52): error TS2344: Type '"/superadmin/dashboard/users/customers/[id]"' does not satisfy the constraint 'never'.
.next/dev/types/validator.ts(1355,52): error TS2344: Type '"/superadmin/dashboard/users/customers"' does not satisfy the constraint 'never'.
.next/dev/types/validator.ts(1364,52): error TS2344: Type '"/superadmin/dashboard/users/doctors/[id]"' does not satisfy the constraint 'never'.
.next/dev/types/validator.ts(1373,52): error TS2344: Type '"/superadmin/dashboard/users/doctors"' does not satisfy the constraint 'never'.
.next/dev/types/validator.ts(1382,52): error TS2344: Type '"/superadmin/dashboard/users/sellers/[id]"' does not satisfy the constraint 'never'.
.next/dev/types/validator.ts(1391,52): error TS2344: Type '"/superadmin/dashboard/users/sellers"' does not satisfy the constraint 'never'.
.next/dev/types/validator.ts(1400,52): error TS2344: Type '"/superadmin/dashboard/users/team"' does not satisfy the constraint 'never'.
.next/dev/types/validator.ts(1409,52): error TS2344: Type '"/superadmin/login"' does not satisfy the constraint 'never'.
.next/dev/types/validator.ts(1418,52): error TS2344: Type '"/tags/[slug]"' does not satisfy the constraint 'never'.
.next/dev/types/validator.ts(1427,52): error TS2344: Type '"/wellness-library"' does not satisfy the constraint 'never'.
.next/dev/types/validator.ts(1436,52): error TS2344: Type '"/wishlist"' does not satisfy the constraint 'never'.
.next/dev/types/validator.ts(1451,51): error TS2344: Type '"/dashboard"' does not satisfy the constraint 'never'.
.next/dev/types/validator.ts(1460,51): error TS2344: Type '"/doctor/dashboard"' does not satisfy the constraint 'never'.
.next/dev/types/validator.ts(1469,51): error TS2344: Type '"/faq"' does not satisfy the constraint 'never'.
.next/dev/types/validator.ts(1478,51): error TS2344: Type '"/"' does not satisfy the constraint 'never'.
.next/dev/types/validator.ts(1487,51): error TS2344: Type '"/seller/dashboard"' does not satisfy the constraint 'never'.
.next/dev/types/validator.ts(1496,51): error TS2344: Type '"/superadmin/dashboard"' does not satisfy the constraint 'never'.
.next/types/validator.ts(24,44): error TS2344: Type 'Route' does not satisfy the constraint 'never'.
  Type '"/"' is not assignable to type 'never'.
.next/types/validator.ts(24,75): error TS2344: Type 'Route' does not satisfy the constraint 'never'.
  Type '"/"' is not assignable to type 'never'.
